<?xml version="1.0" encoding="UTF-8"?>
<!-- Generated by org.testng.reporters.JUnitReportReporter -->
<testsuite hostname="AMIGO" failures="0" tests="2" name="packages.ReadingXL" time="0.649" errors="0" timestamp="2024-05-06T01:53:34 IST" skipped="0">
  <testcase classname="packages.ReadingXL" name="WriteXl" time="0.117"/>
  <testcase classname="packages.ReadingXL" name="ReadXl" time="0.532"/>
</testsuite> <!-- packages.ReadingXL -->
